2019-05-20 00:01:19 INFO  Log:18 - *****Open URL***********
2019-05-20 00:01:23 INFO  Log:18 - *****Open URL***********
2019-05-20 00:24:51 INFO  Hooks:23 - Browser is: null
2019-05-20 00:24:51 INFO  BrowserUtils:17 - Current opertaing System is: mac os x
2019-05-20 00:24:54 INFO  HotelBookingFormSteps:31 - Go To URl
2019-05-20 00:24:54 INFO  HotelBookingFormSteps:34 - Loaded home page of the application
2019-05-20 00:24:54 INFO  HotelBookingFormSteps:47 - Save the record
2019-05-20 00:24:54 INFO  HotelBookingFormSteps:49 - Record saved
2019-05-20 00:24:55 INFO  HotelBookingFormSteps:40 - Enter Booking Information
2019-05-20 00:24:56 INFO  HotelBookingFormSteps:42 - Booking Information Entered
2019-05-20 00:24:56 INFO  HotelBookingFormSteps:57 - Record is selcted
2019-05-20 00:24:56 INFO  HotelBookingFormSteps:59 - Match found
2019-05-20 00:24:56 INFO  Hooks:23 - Browser is: null
2019-05-20 00:24:56 INFO  BrowserUtils:17 - Current opertaing System is: mac os x
2019-05-20 00:24:57 INFO  HotelBookingFormSteps:31 - Go To URl
2019-05-20 00:24:58 INFO  HotelBookingFormSteps:34 - Loaded home page of the application
2019-05-20 00:35:04 INFO  BrowserUtils:17 - Current opertaing System is: mac os x
2019-05-20 00:35:07 INFO  HotelBookingFormSteps:31 - Go To URl
2019-05-20 00:35:08 INFO  HotelBookingFormSteps:34 - Loaded home page of the application
2019-05-20 00:35:08 INFO  HotelBookingFormSteps:47 - Save the record
2019-05-20 00:35:08 INFO  HotelBookingFormSteps:49 - Record saved
2019-05-20 00:35:08 INFO  HotelBookingFormSteps:40 - Enter Booking Information
2019-05-20 00:35:09 INFO  HotelBookingFormSteps:42 - Booking Information Entered
2019-05-20 00:35:09 INFO  HotelBookingFormSteps:57 - Record is selcted
2019-05-20 00:35:09 INFO  HotelBookingFormSteps:59 - Record match found
2019-05-20 00:35:09 INFO  BrowserUtils:17 - Current opertaing System is: mac os x
2019-05-20 00:35:10 INFO  HotelBookingFormSteps:31 - Go To URl
2019-05-20 00:35:11 INFO  HotelBookingFormSteps:34 - Loaded home page of the application
2019-05-20 00:35:11 INFO  HotelBookingFormSteps:66 - Booking information is entered
2019-05-20 00:35:11 INFO  HotelBookingFormSteps:68 - Record saved
2019-05-20 00:35:12 INFO  HotelBookingFormSteps:76 - Record is selcted
2019-05-20 00:35:12 INFO  HotelBookingFormSteps:78 - Record is deleted
2019-05-20 00:35:12 INFO  HotelBookingFormSteps:84 - Verify record is deleted from list
2019-05-20 00:35:22 INFO  HotelBookingFormSteps:86 - Record is deleted
2019-05-20 00:37:40 INFO  BrowserUtils:17 - Current opertaing System is: mac os x
2019-05-20 00:37:41 INFO  HotelBookingFormSteps:31 - Go To URl
2019-05-20 00:37:42 INFO  HotelBookingFormSteps:34 - Loaded home page of the application
2019-05-20 00:37:42 INFO  HotelBookingFormSteps:47 - Save the record
2019-05-20 00:37:42 INFO  HotelBookingFormSteps:49 - Record saved
2019-05-20 00:37:42 INFO  HotelBookingFormSteps:40 - Enter Booking Information
2019-05-20 00:37:43 INFO  HotelBookingFormSteps:42 - Booking Information Entered
2019-05-20 00:37:43 INFO  HotelBookingFormSteps:57 - Record is selcted
2019-05-20 00:37:43 INFO  HotelBookingFormSteps:59 - Record creation is successfull
2019-05-20 00:37:43 INFO  BrowserUtils:17 - Current opertaing System is: mac os x
2019-05-20 00:37:44 INFO  HotelBookingFormSteps:31 - Go To URl
2019-05-20 00:37:44 INFO  HotelBookingFormSteps:34 - Loaded home page of the application
2019-05-20 00:37:45 INFO  HotelBookingFormSteps:66 - Booking information is entered
2019-05-20 00:37:45 INFO  HotelBookingFormSteps:68 - Record saved
2019-05-20 00:37:45 INFO  HotelBookingFormSteps:76 - Record is selcted
2019-05-20 00:37:45 INFO  HotelBookingFormSteps:78 - Record is deleted
2019-05-20 00:37:45 INFO  HotelBookingFormSteps:84 - Verify record is deleted from list
2019-05-20 00:37:56 INFO  HotelBookingFormSteps:86 - Record deletion is scuccessfull
